[2017-05-28T09:26:34,331][INFO ][o.e.n.Node               ] [] initializing ...
[2017-05-28T09:26:35,944][INFO ][o.e.e.NodeEnvironment    ] [1fvPx_G] using [1] data paths, mounts [[OS (C:)]], net usable_space [191.5gb], net total_space [381.8gb], spins? [unknown], types [NTFS]
[2017-05-28T09:26:35,947][INFO ][o.e.e.NodeEnvironment    ] [1fvPx_G] heap size [1.9gb], compressed ordinary object pointers [true]
[2017-05-28T09:26:37,958][INFO ][o.e.n.Node               ] node name [1fvPx_G] derived from node ID [1fvPx_GST-Se7LAC7T1EDA]; set [node.name] to override
[2017-05-28T09:26:37,959][INFO ][o.e.n.Node               ] version[5.4.0], pid[7640], build[780f8c4/2017-04-28T17:43:27.229Z], OS[Windows 8.1/6.3/amd64], JVM[Oracle Corporation/Java HotSpot(TM) 64-Bit Server VM/1.8.0_45/25.45-b02]
[2017-05-28T09:26:45,343][INFO ][o.e.p.PluginsService     ] [1fvPx_G] loaded module [aggs-matrix-stats]
[2017-05-28T09:26:45,344][INFO ][o.e.p.PluginsService     ] [1fvPx_G] loaded module [ingest-common]
[2017-05-28T09:26:45,344][INFO ][o.e.p.PluginsService     ] [1fvPx_G] loaded module [lang-expression]
[2017-05-28T09:26:45,344][INFO ][o.e.p.PluginsService     ] [1fvPx_G] loaded module [lang-groovy]
[2017-05-28T09:26:45,345][INFO ][o.e.p.PluginsService     ] [1fvPx_G] loaded module [lang-mustache]
[2017-05-28T09:26:45,345][INFO ][o.e.p.PluginsService     ] [1fvPx_G] loaded module [lang-painless]
[2017-05-28T09:26:45,345][INFO ][o.e.p.PluginsService     ] [1fvPx_G] loaded module [percolator]
[2017-05-28T09:26:45,345][INFO ][o.e.p.PluginsService     ] [1fvPx_G] loaded module [reindex]
[2017-05-28T09:26:45,345][INFO ][o.e.p.PluginsService     ] [1fvPx_G] loaded module [transport-netty3]
[2017-05-28T09:26:45,346][INFO ][o.e.p.PluginsService     ] [1fvPx_G] loaded module [transport-netty4]
[2017-05-28T09:26:45,346][INFO ][o.e.p.PluginsService     ] [1fvPx_G] no plugins loaded
[2017-05-28T09:26:57,514][INFO ][o.e.d.DiscoveryModule    ] [1fvPx_G] using discovery type [zen]
[2017-05-28T09:26:59,419][INFO ][o.e.n.Node               ] initialized
[2017-05-28T09:26:59,419][INFO ][o.e.n.Node               ] [1fvPx_G] starting ...
[2017-05-28T09:27:01,402][INFO ][o.e.t.TransportService   ] [1fvPx_G] publish_address {127.0.0.1:9300}, bound_addresses {127.0.0.1:9300}, {[::1]:9300}
[2017-05-28T09:27:04,670][INFO ][o.e.c.s.ClusterService   ] [1fvPx_G] new_master {1fvPx_G}{1fvPx_GST-Se7LAC7T1EDA}{lwygyjR8QOSdJftuihM0xA}{127.0.0.1}{127.0.0.1:9300}, reason: zen-disco-elected-as-master ([0] nodes joined)
[2017-05-28T09:27:05,128][INFO ][o.e.h.n.Netty4HttpServerTransport] [1fvPx_G] publish_address {127.0.0.1:9200}, bound_addresses {127.0.0.1:9200}, {[::1]:9200}
[2017-05-28T09:27:05,154][INFO ][o.e.n.Node               ] [1fvPx_G] started
[2017-05-28T09:27:06,328][INFO ][o.e.g.GatewayService     ] [1fvPx_G] recovered [2] indices into cluster_state
[2017-05-28T09:27:09,653][INFO ][o.e.c.r.a.AllocationService] [1fvPx_G] Cluster health status changed from [RED] to [YELLOW] (reason: [shards started [[.kibana][0]] ...]).
[2017-05-28T09:50:20,473][INFO ][o.e.c.m.MetaDataCreateIndexService] [1fvPx_G] [twitter] creating index, cause [auto(bulk api)], templates [], shards [5]/[1], mappings []
[2017-05-28T09:50:24,660][INFO ][o.e.c.m.MetaDataMappingService] [1fvPx_G] [twitter/qv7Et2_uS7mf-lXH3LWvFA] create_mapping [tweet]
[2017-05-28T10:03:02,434][INFO ][o.e.b.Bootstrap          ] running graceful exit on windows
[2017-05-28T10:03:02,436][INFO ][o.e.n.Node               ] [1fvPx_G] stopping ...
[2017-05-28T10:03:02,484][INFO ][o.e.n.Node               ] [1fvPx_G] stopped
[2017-05-28T10:03:02,484][INFO ][o.e.n.Node               ] [1fvPx_G] closing ...
[2017-05-28T10:03:02,580][INFO ][o.e.n.Node               ] [1fvPx_G] closed
